[debug] [2021-05-20T11:26:10.341Z] ----------------------------------------------------------------------
[debug] [2021-05-20T11:26:10.344Z] Command:       C:\Program Files\nodejs\node.exe C:\Users\Shreya\AppData\Roaming\npm\node_modules\firebase-tools\lib\bin\firebase.js init
[debug] [2021-05-20T11:26:10.345Z] CLI Version:   9.11.0
[debug] [2021-05-20T11:26:10.345Z] Platform:      win32
[debug] [2021-05-20T11:26:10.345Z] Node Version:  v14.16.0
[debug] [2021-05-20T11:26:10.347Z] Time:          Thu May 20 2021 16:56:10 GMT+0530 (India Standard Time)
[debug] [2021-05-20T11:26:10.347Z] ----------------------------------------------------------------------
[debug] 
[debug] [2021-05-20T11:26:10.357Z] > command requires scopes: ["email","openid","https://www.googleapis.com/auth/cloudplatformprojects.readonly","https://www.googleapis.com/auth/firebase","https://www.googleapis.com/auth/cloud-platform"]
[debug] [2021-05-20T11:26:10.358Z] > authorizing via signed-in user (swatilekha.roy4@gmail.com)
[info] 
     ######## #### ########  ######## ########     ###     ######  ########
     ##        ##  ##     ## ##       ##     ##  ##   ##  ##       ##
     ######    ##  ########  ######   ########  #########  ######  ######
     ##        ##  ##    ##  ##       ##     ## ##     ##       ## ##
     ##       #### ##     ## ######## ########  ##     ##  ######  ########

You're about to initialize a Firebase project in this directory:

  C:\Users\Shreya\Desktop\linkedin-clone

[info] 
=== Project Setup
[info] 
[info] First, let's associate this project directory with a Firebase project.
[info] You can create multiple project aliases by running firebase use --add, 
[info] but for now we'll just set up a default project.
[info] 
[debug] [2021-05-20T11:26:59.508Z] >>> [apiv2][query] GET https://firebase.googleapis.com/v1beta1/projects pageSize=100
[debug] [2021-05-20T11:27:05.422Z] <<< [apiv2][status] GET https://firebase.googleapis.com/v1beta1/projects 200
[debug] [2021-05-20T11:27:05.422Z] <<< [apiv2][body] GET https://firebase.googleapis.com/v1beta1/projects [omitted]
[info] i  Using project linkedin-clone-c8494 (Linkedin clone) 
[info] 
=== Hosting Setup
[info] 
[info] Your public directory is the folder (relative to your project directory) that
[info] will contain Hosting assets to be uploaded with firebase deploy. If you
[info] have a build process for your assets, use your build's output directory.
[info] 
[debug] [2021-05-20T11:29:46.696Z] ----------------------------------------------------------------------
[debug] [2021-05-20T11:29:46.700Z] Command:       C:\Program Files\nodejs\node.exe C:\Users\Shreya\AppData\Roaming\npm\node_modules\firebase-tools\lib\bin\firebase.js init
[debug] [2021-05-20T11:29:46.700Z] CLI Version:   9.11.0
[debug] [2021-05-20T11:29:46.700Z] Platform:      win32
[debug] [2021-05-20T11:29:46.701Z] Node Version:  v14.16.0
[debug] [2021-05-20T11:29:46.703Z] Time:          Thu May 20 2021 16:59:46 GMT+0530 (India Standard Time)
[debug] [2021-05-20T11:29:46.703Z] ----------------------------------------------------------------------
[debug] 
[debug] [2021-05-20T11:29:46.713Z] > command requires scopes: ["email","openid","https://www.googleapis.com/auth/cloudplatformprojects.readonly","https://www.googleapis.com/auth/firebase","https://www.googleapis.com/auth/cloud-platform"]
[debug] [2021-05-20T11:29:46.714Z] > authorizing via signed-in user (swatilekha.roy4@gmail.com)
[info] 
     ######## #### ########  ######## ########     ###     ######  ########
     ##        ##  ##     ## ##       ##     ##  ##   ##  ##       ##
     ######    ##  ########  ######   ########  #########  ######  ######
     ##        ##  ##    ##  ##       ##     ## ##     ##       ## ##
     ##       #### ##     ## ######## ########  ##     ##  ######  ########

You're about to initialize a Firebase project in this directory:

  C:\Users\Shreya\Desktop\linkedin-clone

[info] 
=== Project Setup
[info] 
[info] First, let's associate this project directory with a Firebase project.
[info] You can create multiple project aliases by running firebase use --add, 
[info] but for now we'll just set up a default project.
[info] 
[debug] [2021-05-20T11:30:21.641Z] >>> [apiv2][query] GET https://firebase.googleapis.com/v1beta1/projects pageSize=100
[debug] [2021-05-20T11:30:27.627Z] <<< [apiv2][status] GET https://firebase.googleapis.com/v1beta1/projects 200
[debug] [2021-05-20T11:30:27.627Z] <<< [apiv2][body] GET https://firebase.googleapis.com/v1beta1/projects [omitted]
[info] i  Using project linkedin-clone-c8494 (Linkedin clone) 
[info] 
=== Hosting Setup
[info] 
[info] Your public directory is the folder (relative to your project directory) that
[info] will contain Hosting assets to be uploaded with firebase deploy. If you
[info] have a build process for your assets, use your build's output directory.
[info] 
[debug] [2021-05-20T11:31:47.691Z] >>> [apiv2][query] GET https://www.gstatic.com/firebasejs/releases.json [none]
[debug] [2021-05-20T11:31:47.763Z] <<< [apiv2][status] GET https://www.gstatic.com/firebasejs/releases.json 200
[debug] [2021-05-20T11:31:47.764Z] <<< [apiv2][body] GET https://www.gstatic.com/firebasejs/releases.json {"current":{"version":"8.6.1","browserURL":"https://www.gstatic.com/firebasejs/8.6.1/firebase.js","packageURL":"https://www.gstatic.com/firebasejs/8.6.1/firebase.tgz"},"live":{"version":"8.6","browserURL":"https://www.gstatic.com/firebasejs/live/8.6/firebase.js","packageURL":"https://www.gstatic.com/firebasejs/live/8.6/firebase.tgz"},"components":{"analytics":"https://www.gstatic.com/firebasejs/8.6.1/firebase-analytics.js","app":"https://www.gstatic.com/firebasejs/8.6.1/firebase-app.js","app-check":"https://www.gstatic.com/firebasejs/8.6.1/firebase-app-check.js","auth":"https://www.gstatic.com/firebasejs/8.6.1/firebase-auth.js","database":"https://www.gstatic.com/firebasejs/8.6.1/firebase-database.js","firestore":"https://www.gstatic.com/firebasejs/8.6.1/firebase-firestore.js","functions":"https://www.gstatic.com/firebasejs/8.6.1/firebase-functions.js","installations":"https://www.gstatic.com/firebasejs/8.6.1/firebase-installations.js","messaging":"https://www.gstatic.com/firebasejs/8.6.1/firebase-messaging.js","storage":"https://www.gstatic.com/firebasejs/8.6.1/firebase-storage.js","performance":"https://www.gstatic.com/firebasejs/8.6.1/firebase-performance.js","remote-config":"https://www.gstatic.com/firebasejs/8.6.1/firebase-remote-config.js","firestore.memory":"https://www.gstatic.com/firebasejs/8.6.1/firebase-firestore.memory.js"}}
[info] i  Skipping write of build/index.html 
[info] 
[info] i  Detected a .git folder at C:\Users\Shreya\Desktop\linkedin-clone 
[info] i  Authorizing with GitHub to upload your service account to a GitHub repository's secrets store. 
[info] 
[info] Visit this URL on this device to log in:
[info] https://github.com/login/oauth/authorize?client_id=89cf50f02ac6aaed3484&state=126428054&redirect_uri=http%3A%2F%2Flocalhost%3A9005&scope=read%3Auser%20repo%20public_repo
[info] 
[info] Waiting for authentication...
[debug] [2021-05-20T11:32:13.872Z] >>> HTTP REQUEST POST https://github.com/login/oauth/access_token  
 {"client_id":"89cf50f02ac6aaed3484","client_secret":"3330d14abc895d9a74d5f17cd7a00711fa2c5bf0","code":"8b44698fd43b8db166a4","redirect_uri":"http://localhost:9005","state":"126428054"}
[debug] [2021-05-20T11:32:14.265Z] <<< HTTP RESPONSE 200 {"server":"GitHub.com","date":"Thu, 20 May 2021 11:32:16 GMT","content-type":"application/json; charset=utf-8","transfer-encoding":"chunked","vary":"X-PJAX, Accept-Encoding, Accept, X-Requested-With","permissions-policy":"interest-cohort=()","etag":"W/\"ecf6d011332e76663470de9f48d0d30a\"","cache-control":"max-age=0, private, must-revalidate","strict-transport-security":"max-age=31536000; includeSubdomains; preload","x-frame-options":"deny","x-content-type-options":"nosniff","x-xss-protection":"0","referrer-policy":"origin-when-cross-origin, strict-origin-when-cross-origin","expect-ct":"max-age=2592000, report-uri=\"https://api.github.com/_private/browser/errors\"","content-security-policy":"default-src 'none'; base-uri 'self'; block-all-mixed-content; connect-src 'self' uploads.github.com www.githubstatus.com collector.githubapp.com api.github.com github-cloud.s3.amazonaws.com github-production-repository-file-5c1aeb.s3.amazonaws.com github-production-upload-manifest-file-7fdce7.s3.amazonaws.com github-production-user-asset-6210df.s3.amazonaws.com cdn.optimizely.com logx.optimizely.com/v1/events wss://alive.github.com; font-src github.githubassets.com; form-action 'self' github.com gist.github.com; frame-ancestors 'none'; frame-src render.githubusercontent.com; img-src 'self' data: github.githubassets.com identicons.github.com collector.githubapp.com github-cloud.s3.amazonaws.com secured-user-images.githubusercontent.com/ *.githubusercontent.com; manifest-src 'self'; media-src 'none'; script-src github.githubassets.com; style-src 'unsafe-inline' github.githubassets.com; worker-src github.com/socket-worker-3f088aa2.js gist.github.com/socket-worker-3f088aa2.js","x-github-request-id":"EC70:064A:2AD37F:2E0A8C:60A648BF"}
[debug] [2021-05-20T11:32:14.282Z] >>> [apiv2][query] GET https://api.github.com/user [none]
[debug] [2021-05-20T11:32:14.705Z] <<< [apiv2][status] GET https://api.github.com/user 200
[debug] [2021-05-20T11:32:14.706Z] <<< [apiv2][body] GET https://api.github.com/user {"login":"Swatilekha-Roy","id":66589183,"node_id":"MDQ6VXNlcjY2NTg5MTgz","avatar_url":"https://avatars.githubusercontent.com/u/66589183?v=4","gravatar_id":"","url":"https://api.github.com/users/Swatilekha-Roy","html_url":"https://github.com/Swatilekha-Roy","followers_url":"https://api.github.com/users/Swatilekha-Roy/followers","following_url":"https://api.github.com/users/Swatilekha-Roy/following{/other_user}","gists_url":"https://api.github.com/users/Swatilekha-Roy/gists{/gist_id}","starred_url":"https://api.github.com/users/Swatilekha-Roy/starred{/owner}{/repo}","subscriptions_url":"https://api.github.com/users/Swatilekha-Roy/subscriptions","organizations_url":"https://api.github.com/users/Swatilekha-Roy/orgs","repos_url":"https://api.github.com/users/Swatilekha-Roy/repos","events_url":"https://api.github.com/users/Swatilekha-Roy/events{/privacy}","received_events_url":"https://api.github.com/users/Swatilekha-Roy/received_events","type":"User","site_admin":false,"name":"Swatilekha Roy","company":null,"blog":"https://blogsigh.wordpress.com/","location":"India","email":null,"hireable":true,"bio":"Trot free!","twitter_username":null,"public_repos":37,"public_gists":0,"followers":4,"following":13,"created_at":"2020-06-08T06:57:04Z","updated_at":"2021-05-20T11:32:15Z","private_gists":0,"total_private_repos":1,"owned_private_repos":1,"disk_usage":463262,"collaborators":3,"two_factor_authentication":false,"plan":{"name":"pro","space":976562499,"collaborators":0,"private_repos":9999}}
[info] 
[info] +  Success! Logged into GitHub as Swatilekha-Roy 
[info] 
